<?xml version="1.0" encoding="UTF-8"?>
<testsuite name="com.practice.parameterized.Examples" tests="6" skipped="0" failures="0" errors="0" timestamp="2018-05-04T22:10:29" hostname="rnol142ab8871" time="0.011">
  <properties/>
  <testcase name="testSecondMostFrequentWord(This is a test this is a test this,is) [0]" classname="com.practice.parameterized.Examples" time="0.008"/>
  <testcase name="testSecondMostFrequentWord(This is is life life life this is this this,is) [1]" classname="com.practice.parameterized.Examples" time="0.0"/>
  <testcase name="testSecondMostFrequentWord(aaa bbb aaa bbb aaa ddd, bbb, 2) [0]" classname="com.practice.parameterized.Examples" time="0.001"/>
  <testcase name="testSecondMostFrequentWord(aaa aaa xyz, xyz, 1) [1]" classname="com.practice.parameterized.Examples" time="0.0"/>
  <testcase name="testSecondMostFrequentWord(aaa,, 0) [2]" classname="com.practice.parameterized.Examples" time="0.0"/>
  <testcase name="testSecondMostFrequentWord(,, 0) [3]" classname="com.practice.parameterized.Examples" time="0.0"/>
  <system-out><![CDATA[]]></system-out>
  <system-err><![CDATA[]]></system-err>
</testsuite>
